<?xml version="1.0" encoding="UTF-8"?>
<!-- Generated by org.testng.reporters.JUnitXMLReporter -->
<testsuite ignored="0" hostname="shiv4nshumishra" failures="0" tests="3" name="Default test" time="13.642" errors="0" timestamp="2023-12-21T17:22:44 IST">
  <testcase classname="com.shivanshu.TestNG.amazon.Homepage" name="testAmazonHomePageSourceUrl" time="0.067"/>
  <testcase classname="com.shivanshu.TestNG.amazon.Homepage" name="testAmazonHomePageTitle" time="0.089"/>
  <testcase classname="com.shivanshu.TestNG.amazon.Homepage" name="testAmazonHomePageTitle2" time="0.013"/>
</testsuite> <!-- Default test -->
