<?xml version="1.0" encoding="UTF-8"?>
<testng-results ignored="0" total="2" passed="2" failed="0" skipped="0">
  <reporter-output>
  </reporter-output>
  <suite started-at="2024-01-26T05:33:24 IST" name="Default suite" finished-at="2024-01-26T05:33:31 IST" duration-ms="6934">
    <groups>
    </groups>
    <test started-at="2024-01-26T05:33:24 IST" name="Default test" finished-at="2024-01-26T05:33:31 IST" duration-ms="6934">
      <class name="TestNG.RegistrationPage">
        <test-method is-config="true" signature="setUp()[pri:0, instance:TestNG.RegistrationPage@15c43bd9]" started-at="2024-01-26T05:33:24 IST" name="setUp" finished-at="2024-01-26T05:33:27 IST" duration-ms="3581" status="PASS">
          <reporter-output>
          </reporter-output>
        </test-method> <!-- setUp -->
        <test-method signature="emailBox()[pri:0, instance:TestNG.RegistrationPage@15c43bd9]" started-at="2024-01-26T05:33:27 IST" name="emailBox" description="Test Registration Page" finished-at="2024-01-26T05:33:28 IST" duration-ms="144" status="PASS">
          <reporter-output>
          </reporter-output>
        </test-method> <!-- emailBox -->
        <test-method is-config="true" signature="cleanUp()[pri:0, instance:TestNG.RegistrationPage@15c43bd9]" started-at="2024-01-26T05:33:28 IST" name="cleanUp" finished-at="2024-01-26T05:33:28 IST" duration-ms="1" status="PASS">
          <reporter-output>
          </reporter-output>
        </test-method> <!-- cleanUp -->
        <test-method is-config="true" signature="setUp()[pri:0, instance:TestNG.RegistrationPage@15c43bd9]" started-at="2024-01-26T05:33:28 IST" name="setUp" finished-at="2024-01-26T05:33:31 IST" duration-ms="3050" status="PASS">
          <reporter-output>
          </reporter-output>
        </test-method> <!-- setUp -->
        <test-method signature="nameBox()[pri:0, instance:TestNG.RegistrationPage@15c43bd9]" started-at="2024-01-26T05:33:31 IST" name="nameBox" description="Test Registration Page" finished-at="2024-01-26T05:33:31 IST" duration-ms="123" status="PASS">
          <reporter-output>
          </reporter-output>
        </test-method> <!-- nameBox -->
        <test-method is-config="true" signature="cleanUp()[pri:0, instance:TestNG.RegistrationPage@15c43bd9]" started-at="2024-01-26T05:33:31 IST" name="cleanUp" finished-at="2024-01-26T05:33:31 IST" duration-ms="0" status="PASS">
          <reporter-output>
          </reporter-output>
        </test-method> <!-- cleanUp -->
      </class> <!-- TestNG.RegistrationPage -->
    </test> <!-- Default test -->
  </suite> <!-- Default suite -->
</testng-results>
